  adjustment.c
c:\users\nakata\documents\git\psdtoss6\cui\libpsd-0.9\include\libpsd.h(258): warning C4091: 'typedef ': 変数が何も宣言されていないときは、'' の左辺を無視します。
  bevel_emboss.c
c:\users\nakata\documents\git\psdtoss6\cui\libpsd-0.9\include\libpsd.h(258): warning C4091: 'typedef ': 変数が何も宣言されていないときは、'' の左辺を無視します。
c:\users\nakata\documents\git\psdtoss6\cui\libpsd-0.9\src\bevel_emboss.c(197): warning C4013: 関数 'strcmp' は定義されていません。int 型の値を返す外部関数と見なします。
c:\users\nakata\documents\git\psdtoss6\cui\libpsd-0.9\src\bevel_emboss.c(666): warning C4013: 関数 'memcpy' は定義されていません。int 型の値を返す外部関数と見なします。
  bitmap.c
c:\users\nakata\documents\git\psdtoss6\cui\libpsd-0.9\include\libpsd.h(258): warning C4091: 'typedef ': 変数が何も宣言されていないときは、'' の左辺を無視します。
  blend.c
c:\users\nakata\documents\git\psdtoss6\cui\libpsd-0.9\include\libpsd.h(258): warning C4091: 'typedef ': 変数が何も宣言されていないときは、'' の左辺を無視します。
c:\users\nakata\documents\git\psdtoss6\cui\libpsd-0.9\src\blend.c(115): warning C4101: 'addr_temp': ローカル変数は 1 度も使われていません。
c:\users\nakata\documents\git\psdtoss6\cui\libpsd-0.9\src\blend.c(114): warning C4101: 'dsttemp': ローカル変数は 1 度も使われていません。
c:\users\nakata\documents\git\psdtoss6\cui\libpsd-0.9\src\blend.c(114): warning C4101: 'dstlookup': ローカル変数は 1 度も使われていません。
  boundary.c
c:\users\nakata\documents\git\psdtoss6\cui\libpsd-0.9\include\libpsd.h(258): warning C4091: 'typedef ': 変数が何も宣言されていないときは、'' の左辺を無視します。
  brightness_contrast.c
c:\users\nakata\documents\git\psdtoss6\cui\libpsd-0.9\include\libpsd.h(258): warning C4091: 'typedef ': 変数が何も宣言されていないときは、'' の左辺を無視します。
c:\users\nakata\documents\git\psdtoss6\cui\libpsd-0.9\src\brightness_contrast.c(49): warning C4013: 関数 'memset' は定義されていません。int 型の値を返す外部関数と見なします。
  channel_image.c
c:\users\nakata\documents\git\psdtoss6\cui\libpsd-0.9\include\libpsd.h(258): warning C4091: 'typedef ': 変数が何も宣言されていないときは、'' の左辺を無視します。
c:\users\nakata\documents\git\psdtoss6\cui\libpsd-0.9\src\channel_image.c(705): warning C4013: 関数 'memcpy' は定義されていません。int 型の値を返す外部関数と見なします。
c:\users\nakata\documents\git\psdtoss6\cui\libpsd-0.9\src\channel_image.c(897): warning C4013: 関数 'memset' は定義されていません。int 型の値を返す外部関数と見なします。
  channel_mixer.c
c:\users\nakata\documents\git\psdtoss6\cui\libpsd-0.9\include\libpsd.h(258): warning C4091: 'typedef ': 変数が何も宣言されていないときは、'' の左辺を無視します。
c:\users\nakata\documents\git\psdtoss6\cui\libpsd-0.9\src\channel_mixer.c(51): warning C4013: 関数 'memset' は定義されていません。int 型の値を返す外部関数と見なします。
  color.c
c:\users\nakata\documents\git\psdtoss6\cui\libpsd-0.9\include\libpsd.h(258): warning C4091: 'typedef ': 変数が何も宣言されていないときは、'' の左辺を無視します。
c:\users\nakata\documents\git\psdtoss6\cui\libpsd-0.9\src\color.c(299): warning C4013: 関数 'memcpy' は定義されていません。int 型の値を返す外部関数と見なします。
  color_balance.c
c:\users\nakata\documents\git\psdtoss6\cui\libpsd-0.9\include\libpsd.h(258): warning C4091: 'typedef ': 変数が何も宣言されていないときは、'' の左辺を無視します。
c:\users\nakata\documents\git\psdtoss6\cui\libpsd-0.9\src\color_balance.c(65): warning C4013: 関数 'memset' は定義されていません。int 型の値を返す外部関数と見なします。
  color_mode.c
c:\users\nakata\documents\git\psdtoss6\cui\libpsd-0.9\include\libpsd.h(258): warning C4091: 'typedef ': 変数が何も宣言されていないときは、'' の左辺を無視します。
  color_overlay.c
c:\users\nakata\documents\git\psdtoss6\cui\libpsd-0.9\include\libpsd.h(258): warning C4091: 'typedef ': 変数が何も宣言されていないときは、'' の左辺を無視します。
c:\users\nakata\documents\git\psdtoss6\cui\libpsd-0.9\src\color_overlay.c(198): warning C4013: 関数 'memcpy' は定義されていません。int 型の値を返す外部関数と見なします。
  curves.c
c:\users\nakata\documents\git\psdtoss6\cui\libpsd-0.9\include\libpsd.h(258): warning C4091: 'typedef ': 変数が何も宣言されていないときは、'' の左辺を無視します。
c:\users\nakata\documents\git\psdtoss6\cui\libpsd-0.9\src\curves.c(67): warning C4013: 関数 'memset' は定義されていません。int 型の値を返す外部関数と見なします。
  descriptor.c
c:\users\nakata\documents\git\psdtoss6\cui\libpsd-0.9\include\libpsd.h(258): warning C4091: 'typedef ': 変数が何も宣言されていないときは、'' の左辺を無視します。
c:\users\nakata\documents\git\psdtoss6\cui\libpsd-0.9\src\descriptor.c(787): warning C4013: 関数 'strcmp' は定義されていません。int 型の値を返す外部関数と見なします。
c:\users\nakata\documents\git\psdtoss6\cui\libpsd-0.9\src\descriptor.c(919): warning C4013: 関数 'memset' は定義されていません。int 型の値を返す外部関数と見なします。
  drop_shadow.c
c:\users\nakata\documents\git\psdtoss6\cui\libpsd-0.9\include\libpsd.h(258): warning C4091: 'typedef ': 変数が何も宣言されていないときは、'' の左辺を無視します。
c:\users\nakata\documents\git\psdtoss6\cui\libpsd-0.9\src\drop_shadow.c(166): warning C4013: 関数 'strcmp' は定義されていません。int 型の値を返す外部関数と見なします。
c:\users\nakata\documents\git\psdtoss6\cui\libpsd-0.9\src\drop_shadow.c(386): warning C4013: 関数 'memcpy' は定義されていません。int 型の値を返す外部関数と見なします。
  effects.c
c:\users\nakata\documents\git\psdtoss6\cui\libpsd-0.9\include\libpsd.h(258): warning C4091: 'typedef ': 変数が何も宣言されていないときは、'' の左辺を無視します。
c:\users\nakata\documents\git\psdtoss6\cui\libpsd-0.9\src\effects.c(82): warning C4013: 関数 'memset' は定義されていません。int 型の値を返す外部関数と見なします。
c:\users\nakata\documents\git\psdtoss6\cui\libpsd-0.9\src\effects.c(217): warning C4013: 関数 'strcmp' は定義されていません。int 型の値を返す外部関数と見なします。
c:\users\nakata\documents\git\psdtoss6\cui\libpsd-0.9\src\effects.c(395): warning C4013: 関数 'memcpy' は定義されていません。int 型の値を返す外部関数と見なします。
  file_header.c
c:\users\nakata\documents\git\psdtoss6\cui\libpsd-0.9\include\libpsd.h(258): warning C4091: 'typedef ': 変数が何も宣言されていないときは、'' の左辺を無視します。
c:\users\nakata\documents\git\psdtoss6\cui\libpsd-0.9\src\file_header.c(56): warning C4013: 関数 'memcmp' は定義されていません。int 型の値を返す外部関数と見なします。
  fixed.c
c:\users\nakata\documents\git\psdtoss6\cui\libpsd-0.9\include\libpsd.h(258): warning C4091: 'typedef ': 変数が何も宣言されていないときは、'' の左辺を無視します。
  gaussian_blur.c
c:\users\nakata\documents\git\psdtoss6\cui\libpsd-0.9\include\libpsd.h(258): warning C4091: 'typedef ': 変数が何も宣言されていないときは、'' の左辺を無視します。
  gradient_blend.c
c:\users\nakata\documents\git\psdtoss6\cui\libpsd-0.9\include\libpsd.h(258): warning C4091: 'typedef ': 変数が何も宣言されていないときは、'' の左辺を無視します。
c:\users\nakata\documents\git\psdtoss6\cui\libpsd-0.9\src\gradient_blend.c(362): warning C4013: 関数 'memcpy' は定義されていません。int 型の値を返す外部関数と見なします。
  コードを生成中...
  コンパイル中...
  gradient_fill.c
c:\users\nakata\documents\git\psdtoss6\cui\libpsd-0.9\include\libpsd.h(258): warning C4091: 'typedef ': 変数が何も宣言されていないときは、'' の左辺を無視します。
c:\users\nakata\documents\git\psdtoss6\cui\libpsd-0.9\src\gradient_fill.c(47): warning C4013: 関数 'memset' は定義されていません。int 型の値を返す外部関数と見なします。
  gradient_map.c
c:\users\nakata\documents\git\psdtoss6\cui\libpsd-0.9\include\libpsd.h(258): warning C4091: 'typedef ': 変数が何も宣言されていないときは、'' の左辺を無視します。
c:\users\nakata\documents\git\psdtoss6\cui\libpsd-0.9\src\gradient_map.c(53): warning C4013: 関数 'memset' は定義されていません。int 型の値を返す外部関数と見なします。
  gradient_overlay.c
c:\users\nakata\documents\git\psdtoss6\cui\libpsd-0.9\include\libpsd.h(258): warning C4091: 'typedef ': 変数が何も宣言されていないときは、'' の左辺を無視します。
c:\users\nakata\documents\git\psdtoss6\cui\libpsd-0.9\src\gradient_overlay.c(307): warning C4013: 関数 'memcpy' は定義されていません。int 型の値を返す外部関数と見なします。
  hue_saturation.c
c:\users\nakata\documents\git\psdtoss6\cui\libpsd-0.9\include\libpsd.h(258): warning C4091: 'typedef ': 変数が何も宣言されていないときは、'' の左辺を無視します。
c:\users\nakata\documents\git\psdtoss6\cui\libpsd-0.9\src\hue_saturation.c(51): warning C4013: 関数 'memset' は定義されていません。int 型の値を返す外部関数と見なします。
  image_data.c
c:\users\nakata\documents\git\psdtoss6\cui\libpsd-0.9\include\libpsd.h(258): warning C4091: 'typedef ': 変数が何も宣言されていないときは、'' の左辺を無視します。
c:\users\nakata\documents\git\psdtoss6\cui\libpsd-0.9\src\image_data.c(598): warning C4013: 関数 'memcpy' は定義されていません。int 型の値を返す外部関数と見なします。
c:\users\nakata\documents\git\psdtoss6\cui\libpsd-0.9\src\image_data.c(610): warning C4013: 関数 'memset' は定義されていません。int 型の値を返す外部関数と見なします。
  image_resource.c
c:\users\nakata\documents\git\psdtoss6\cui\libpsd-0.9\include\libpsd.h(258): warning C4091: 'typedef ': 変数が何も宣言されていないときは、'' の左辺を無視します。
c:\users\nakata\documents\git\psdtoss6\cui\libpsd-0.9\src\image_resource.c(167): warning C4013: 関数 'memset' は定義されていません。int 型の値を返す外部関数と見なします。
c:\users\nakata\documents\git\psdtoss6\cui\libpsd-0.9\src\image_resource.c(173): warning C4013: 関数 'memcpy' は定義されていません。int 型の値を返す外部関数と見なします。
c:\users\nakata\documents\git\psdtoss6\cui\libpsd-0.9\src\image_resource.c(58): warning C4101: 'status': ローカル変数は 1 度も使われていません。
  inner_glow.c
c:\users\nakata\documents\git\psdtoss6\cui\libpsd-0.9\include\libpsd.h(258): warning C4091: 'typedef ': 変数が何も宣言されていないときは、'' の左辺を無視します。
c:\users\nakata\documents\git\psdtoss6\cui\libpsd-0.9\src\inner_glow.c(381): warning C4013: 関数 'memcpy' は定義されていません。int 型の値を返す外部関数と見なします。
  inner_shadow.c
c:\users\nakata\documents\git\psdtoss6\cui\libpsd-0.9\include\libpsd.h(258): warning C4091: 'typedef ': 変数が何も宣言されていないときは、'' の左辺を無視します。
c:\users\nakata\documents\git\psdtoss6\cui\libpsd-0.9\src\inner_shadow.c(341): warning C4013: 関数 'memcpy' は定義されていません。int 型の値を返す外部関数と見なします。
  invert.c
c:\users\nakata\documents\git\psdtoss6\cui\libpsd-0.9\include\libpsd.h(258): warning C4091: 'typedef ': 変数が何も宣言されていないときは、'' の左辺を無視します。
  layer_mask.c
c:\users\nakata\documents\git\psdtoss6\cui\libpsd-0.9\include\libpsd.h(258): warning C4091: 'typedef ': 変数が何も宣言されていないときは、'' の左辺を無視します。
c:\users\nakata\documents\git\psdtoss6\cui\libpsd-0.9\src\layer_mask.c(80): warning C4013: 関数 'memset' は定義されていません。int 型の値を返す外部関数と見なします。
  levels.c
c:\users\nakata\documents\git\psdtoss6\cui\libpsd-0.9\include\libpsd.h(258): warning C4091: 'typedef ': 変数が何も宣言されていないときは、'' の左辺を無視します。
c:\users\nakata\documents\git\psdtoss6\cui\libpsd-0.9\src\levels.c(54): warning C4013: 関数 'memset' は定義されていません。int 型の値を返す外部関数と見なします。
  outer_glow.c
c:\users\nakata\documents\git\psdtoss6\cui\libpsd-0.9\include\libpsd.h(258): warning C4091: 'typedef ': 変数が何も宣言されていないときは、'' の左辺を無視します。
c:\users\nakata\documents\git\psdtoss6\cui\libpsd-0.9\src\outer_glow.c(340): warning C4013: 関数 'memcpy' は定義されていません。int 型の値を返す外部関数と見なします。
  path.c
c:\users\nakata\documents\git\psdtoss6\cui\libpsd-0.9\include\libpsd.h(258): warning C4091: 'typedef ': 変数が何も宣言されていないときは、'' の左辺を無視します。
c:\users\nakata\documents\git\psdtoss6\cui\libpsd-0.9\src\path.c(47): warning C4013: 関数 'memset' は定義されていません。int 型の値を返す外部関数と見なします。
  pattern.c
c:\users\nakata\documents\git\psdtoss6\cui\libpsd-0.9\include\libpsd.h(258): warning C4091: 'typedef ': 変数が何も宣言されていないときは、'' の左辺を無視します。
c:\users\nakata\documents\git\psdtoss6\cui\libpsd-0.9\src\pattern.c(530): warning C4013: 関数 'memset' は定義されていません。int 型の値を返す外部関数と見なします。
c:\users\nakata\documents\git\psdtoss6\cui\libpsd-0.9\src\pattern.c(740): warning C4013: 関数 'memcpy' は定義されていません。int 型の値を返す外部関数と見なします。
  pattern_fill.c
c:\users\nakata\documents\git\psdtoss6\cui\libpsd-0.9\include\libpsd.h(258): warning C4091: 'typedef ': 変数が何も宣言されていないときは、'' の左辺を無視します。
c:\users\nakata\documents\git\psdtoss6\cui\libpsd-0.9\src\pattern_fill.c(47): warning C4013: 関数 'memset' は定義されていません。int 型の値を返す外部関数と見なします。
  pattern_overlay.c
c:\users\nakata\documents\git\psdtoss6\cui\libpsd-0.9\include\libpsd.h(258): warning C4091: 'typedef ': 変数が何も宣言されていないときは、'' の左辺を無視します。
c:\users\nakata\documents\git\psdtoss6\cui\libpsd-0.9\src\pattern_overlay.c(88): warning C4013: 関数 'strcmp' は定義されていません。int 型の値を返す外部関数と見なします。
c:\users\nakata\documents\git\psdtoss6\cui\libpsd-0.9\src\pattern_overlay.c(208): warning C4013: 関数 'memcpy' は定義されていません。int 型の値を返す外部関数と見なします。
  photo_filter.c
c:\users\nakata\documents\git\psdtoss6\cui\libpsd-0.9\include\libpsd.h(258): warning C4091: 'typedef ': 変数が何も宣言されていないときは、'' の左辺を無視します。
c:\users\nakata\documents\git\psdtoss6\cui\libpsd-0.9\src\photo_filter.c(43): warning C4013: 関数 'memset' は定義されていません。int 型の値を返す外部関数と見なします。
  posterize.c
c:\users\nakata\documents\git\psdtoss6\cui\libpsd-0.9\include\libpsd.h(258): warning C4091: 'typedef ': 変数が何も宣言されていないときは、'' の左辺を無視します。
c:\users\nakata\documents\git\psdtoss6\cui\libpsd-0.9\src\posterize.c(47): warning C4013: 関数 'memset' は定義されていません。int 型の値を返す外部関数と見なします。
  psd.c
c:\users\nakata\documents\git\psdtoss6\cui\libpsd-0.9\include\libpsd.h(258): warning C4091: 'typedef ': 変数が何も宣言されていないときは、'' の左辺を無視します。
c:\users\nakata\documents\git\psdtoss6\cui\libpsd-0.9\src\psd.c(68): warning C4013: 関数 'memset' は定義されていません。int 型の値を返す外部関数と見なします。
  psd_system.c
c:\users\nakata\documents\git\psdtoss6\cui\libpsd-0.9\include\libpsd.h(258): warning C4091: 'typedef ': 変数が何も宣言されていないときは、'' の左辺を無視します。
c:\users\nakata\documents\git\psdtoss6\cui\libpsd-0.9\src\psd_system.c(31): warning C4996: 'fopen': This function or variable may be unsafe. Consider using fopen_s instead. To disable deprecation, use _CRT_SECURE_NO_WARNINGS. See online help for details.
  c:\program files (x86)\windows kits\10\include\10.0.17134.0\ucrt\stdio.h(208): note: 'fopen' の宣言を確認してください
  コードを生成中...
  コンパイル中...
  psd_zip.c
c:\users\nakata\documents\git\psdtoss6\cui\libpsd-0.9\include\libpsd.h(258): warning C4091: 'typedef ': 変数が何も宣言されていないときは、'' の左辺を無視します。
c:\users\nakata\documents\git\psdtoss6\cui\libpsd-0.9\src\psd_zip.c(39): warning C4013: 関数 'memset' は定義されていません。int 型の値を返す外部関数と見なします。
  rect.c
c:\users\nakata\documents\git\psdtoss6\cui\libpsd-0.9\include\libpsd.h(258): warning C4091: 'typedef ': 変数が何も宣言されていないときは、'' の左辺を無視します。
c:\users\nakata\documents\git\psdtoss6\cui\libpsd-0.9\src\rect.c(111): warning C4013: 関数 'memcpy' は定義されていません。int 型の値を返す外部関数と見なします。
  satin.c
c:\users\nakata\documents\git\psdtoss6\cui\libpsd-0.9\include\libpsd.h(258): warning C4091: 'typedef ': 変数が何も宣言されていないときは、'' の左辺を無視します。
c:\users\nakata\documents\git\psdtoss6\cui\libpsd-0.9\src\satin.c(342): warning C4013: 関数 'memcpy' は定義されていません。int 型の値を返す外部関数と見なします。
  selective_color.c
c:\users\nakata\documents\git\psdtoss6\cui\libpsd-0.9\include\libpsd.h(258): warning C4091: 'typedef ': 変数が何も宣言されていないときは、'' の左辺を無視します。
c:\users\nakata\documents\git\psdtoss6\cui\libpsd-0.9\src\selective_color.c(50): warning C4013: 関数 'memset' は定義されていません。int 型の値を返す外部関数と見なします。
  solid_color.c
c:\users\nakata\documents\git\psdtoss6\cui\libpsd-0.9\include\libpsd.h(258): warning C4091: 'typedef ': 変数が何も宣言されていないときは、'' の左辺を無視します。
c:\users\nakata\documents\git\psdtoss6\cui\libpsd-0.9\src\solid_color.c(46): warning C4013: 関数 'memset' は定義されていません。int 型の値を返す外部関数と見なします。
  stream.c
c:\users\nakata\documents\git\psdtoss6\cui\libpsd-0.9\include\libpsd.h(258): warning C4091: 'typedef ': 変数が何も宣言されていないときは、'' の左辺を無視します。
c:\users\nakata\documents\git\psdtoss6\cui\libpsd-0.9\src\stream.c(78): warning C4013: 関数 'memcpy' は定義されていません。int 型の値を返す外部関数と見なします。
  stroke.c
c:\users\nakata\documents\git\psdtoss6\cui\libpsd-0.9\include\libpsd.h(258): warning C4091: 'typedef ': 変数が何も宣言されていないときは、'' の左辺を無視します。
c:\users\nakata\documents\git\psdtoss6\cui\libpsd-0.9\src\stroke.c(104): warning C4013: 関数 'strcmp' は定義されていません。int 型の値を返す外部関数と見なします。
c:\users\nakata\documents\git\psdtoss6\cui\libpsd-0.9\src\stroke.c(401): warning C4013: 関数 'memcpy' は定義されていません。int 型の値を返す外部関数と見なします。
  threshold.c
c:\users\nakata\documents\git\psdtoss6\cui\libpsd-0.9\include\libpsd.h(258): warning C4091: 'typedef ': 変数が何も宣言されていないときは、'' の左辺を無視します。
c:\users\nakata\documents\git\psdtoss6\cui\libpsd-0.9\src\threshold.c(47): warning C4013: 関数 'memset' は定義されていません。int 型の値を返す外部関数と見なします。
  thumbnail.c
c:\users\nakata\documents\git\psdtoss6\cui\libpsd-0.9\include\libpsd.h(258): warning C4091: 'typedef ': 変数が何も宣言されていないときは、'' の左辺を無視します。
  type_tool.c
c:\users\nakata\documents\git\psdtoss6\cui\libpsd-0.9\include\libpsd.h(258): warning C4091: 'typedef ': 変数が何も宣言されていないときは、'' の左辺を無視します。
c:\users\nakata\documents\git\psdtoss6\cui\libpsd-0.9\src\type_tool.c(43): warning C4013: 関数 'memset' は定義されていません。int 型の値を返す外部関数と見なします。
  コードを生成中...
  libpsd.vcxproj -> C:\Users\nakata\Documents\git\PSDtoSS6\cui\libpsd-0.9\.\libpsd.lib
