c:\users\nakata\documents\git\psdtoss6\cui\libpsd-0.9\obj\debug\libpsd\gradient_blend.obj
c:\users\nakata\documents\git\psdtoss6\cui\libpsd-0.9\obj\debug\libpsd\gaussian_blur.obj
c:\users\nakata\documents\git\psdtoss6\cui\libpsd-0.9\obj\debug\libpsd\fixed.obj
c:\users\nakata\documents\git\psdtoss6\cui\libpsd-0.9\obj\debug\libpsd\file_header.obj
c:\users\nakata\documents\git\psdtoss6\cui\libpsd-0.9\obj\debug\libpsd\effects.obj
c:\users\nakata\documents\git\psdtoss6\cui\libpsd-0.9\obj\debug\libpsd\drop_shadow.obj
c:\users\nakata\documents\git\psdtoss6\cui\libpsd-0.9\obj\debug\libpsd\descriptor.obj
c:\users\nakata\documents\git\psdtoss6\cui\libpsd-0.9\obj\debug\libpsd\curves.obj
c:\users\nakata\documents\git\psdtoss6\cui\libpsd-0.9\obj\debug\libpsd\color_overlay.obj
c:\users\nakata\documents\git\psdtoss6\cui\libpsd-0.9\obj\debug\libpsd\color_mode.obj
c:\users\nakata\documents\git\psdtoss6\cui\libpsd-0.9\obj\debug\libpsd\color_balance.obj
c:\users\nakata\documents\git\psdtoss6\cui\libpsd-0.9\obj\debug\libpsd\color.obj
c:\users\nakata\documents\git\psdtoss6\cui\libpsd-0.9\obj\debug\libpsd\channel_mixer.obj
c:\users\nakata\documents\git\psdtoss6\cui\libpsd-0.9\obj\debug\libpsd\channel_image.obj
c:\users\nakata\documents\git\psdtoss6\cui\libpsd-0.9\obj\debug\libpsd\brightness_contrast.obj
c:\users\nakata\documents\git\psdtoss6\cui\libpsd-0.9\obj\debug\libpsd\boundary.obj
c:\users\nakata\documents\git\psdtoss6\cui\libpsd-0.9\obj\debug\libpsd\blend.obj
c:\users\nakata\documents\git\psdtoss6\cui\libpsd-0.9\obj\debug\libpsd\bitmap.obj
c:\users\nakata\documents\git\psdtoss6\cui\libpsd-0.9\obj\debug\libpsd\bevel_emboss.obj
c:\users\nakata\documents\git\psdtoss6\cui\libpsd-0.9\obj\debug\libpsd\adjustment.obj
c:\users\nakata\documents\git\psdtoss6\cui\libpsd-0.9\obj\debug\libpsd\psd_system.obj
c:\users\nakata\documents\git\psdtoss6\cui\libpsd-0.9\obj\debug\libpsd\psd.obj
c:\users\nakata\documents\git\psdtoss6\cui\libpsd-0.9\obj\debug\libpsd\posterize.obj
c:\users\nakata\documents\git\psdtoss6\cui\libpsd-0.9\obj\debug\libpsd\photo_filter.obj
c:\users\nakata\documents\git\psdtoss6\cui\libpsd-0.9\obj\debug\libpsd\pattern_overlay.obj
c:\users\nakata\documents\git\psdtoss6\cui\libpsd-0.9\obj\debug\libpsd\pattern_fill.obj
c:\users\nakata\documents\git\psdtoss6\cui\libpsd-0.9\obj\debug\libpsd\pattern.obj
c:\users\nakata\documents\git\psdtoss6\cui\libpsd-0.9\obj\debug\libpsd\path.obj
c:\users\nakata\documents\git\psdtoss6\cui\libpsd-0.9\obj\debug\libpsd\outer_glow.obj
c:\users\nakata\documents\git\psdtoss6\cui\libpsd-0.9\obj\debug\libpsd\levels.obj
c:\users\nakata\documents\git\psdtoss6\cui\libpsd-0.9\obj\debug\libpsd\layer_mask.obj
c:\users\nakata\documents\git\psdtoss6\cui\libpsd-0.9\obj\debug\libpsd\invert.obj
c:\users\nakata\documents\git\psdtoss6\cui\libpsd-0.9\obj\debug\libpsd\inner_shadow.obj
c:\users\nakata\documents\git\psdtoss6\cui\libpsd-0.9\obj\debug\libpsd\inner_glow.obj
c:\users\nakata\documents\git\psdtoss6\cui\libpsd-0.9\obj\debug\libpsd\image_resource.obj
c:\users\nakata\documents\git\psdtoss6\cui\libpsd-0.9\obj\debug\libpsd\image_data.obj
c:\users\nakata\documents\git\psdtoss6\cui\libpsd-0.9\obj\debug\libpsd\hue_saturation.obj
c:\users\nakata\documents\git\psdtoss6\cui\libpsd-0.9\obj\debug\libpsd\gradient_overlay.obj
c:\users\nakata\documents\git\psdtoss6\cui\libpsd-0.9\obj\debug\libpsd\gradient_map.obj
c:\users\nakata\documents\git\psdtoss6\cui\libpsd-0.9\obj\debug\libpsd\gradient_fill.obj
c:\users\nakata\documents\git\psdtoss6\cui\libpsd-0.9\obj\debug\libpsd\type_tool.obj
c:\users\nakata\documents\git\psdtoss6\cui\libpsd-0.9\obj\debug\libpsd\thumbnail.obj
c:\users\nakata\documents\git\psdtoss6\cui\libpsd-0.9\obj\debug\libpsd\threshold.obj
c:\users\nakata\documents\git\psdtoss6\cui\libpsd-0.9\obj\debug\libpsd\stroke.obj
c:\users\nakata\documents\git\psdtoss6\cui\libpsd-0.9\obj\debug\libpsd\stream.obj
c:\users\nakata\documents\git\psdtoss6\cui\libpsd-0.9\obj\debug\libpsd\solid_color.obj
c:\users\nakata\documents\git\psdtoss6\cui\libpsd-0.9\obj\debug\libpsd\selective_color.obj
c:\users\nakata\documents\git\psdtoss6\cui\libpsd-0.9\obj\debug\libpsd\satin.obj
c:\users\nakata\documents\git\psdtoss6\cui\libpsd-0.9\obj\debug\libpsd\rect.obj
c:\users\nakata\documents\git\psdtoss6\cui\libpsd-0.9\obj\debug\libpsd\psd_zip.obj
c:\users\nakata\documents\git\psdtoss6\cui\libpsd-0.9\libpsd.lib
c:\users\nakata\documents\git\psdtoss6\cui\libpsd-0.9\.\libpsd.lib
c:\users\nakata\documents\git\psdtoss6\cui\libpsd-0.9\obj\debug\libpsd\libpsd.tlog\cl.command.1.tlog
c:\users\nakata\documents\git\psdtoss6\cui\libpsd-0.9\obj\debug\libpsd\libpsd.tlog\cl.read.1.tlog
c:\users\nakata\documents\git\psdtoss6\cui\libpsd-0.9\obj\debug\libpsd\libpsd.tlog\cl.write.1.tlog
c:\users\nakata\documents\git\psdtoss6\cui\libpsd-0.9\obj\debug\libpsd\libpsd.tlog\lib-link.read.1.tlog
c:\users\nakata\documents\git\psdtoss6\cui\libpsd-0.9\obj\debug\libpsd\libpsd.tlog\lib-link.write.1.tlog
c:\users\nakata\documents\git\psdtoss6\cui\libpsd-0.9\obj\debug\libpsd\libpsd.tlog\lib.command.1.tlog
