c:\users\nakata\documents\git\psdtoss6\cui\libpsd-0.9\x64\debug\libpsd.pdb
c:\users\nakata\documents\git\psdtoss6\cui\libpsd-0.9\x64\debug\gradient_blend.obj
c:\users\nakata\documents\git\psdtoss6\cui\libpsd-0.9\x64\debug\gaussian_blur.obj
c:\users\nakata\documents\git\psdtoss6\cui\libpsd-0.9\x64\debug\fixed.obj
c:\users\nakata\documents\git\psdtoss6\cui\libpsd-0.9\x64\debug\file_header.obj
c:\users\nakata\documents\git\psdtoss6\cui\libpsd-0.9\x64\debug\effects.obj
c:\users\nakata\documents\git\psdtoss6\cui\libpsd-0.9\x64\debug\drop_shadow.obj
c:\users\nakata\documents\git\psdtoss6\cui\libpsd-0.9\x64\debug\descriptor.obj
c:\users\nakata\documents\git\psdtoss6\cui\libpsd-0.9\x64\debug\curves.obj
c:\users\nakata\documents\git\psdtoss6\cui\libpsd-0.9\x64\debug\color_overlay.obj
c:\users\nakata\documents\git\psdtoss6\cui\libpsd-0.9\x64\debug\color_mode.obj
c:\users\nakata\documents\git\psdtoss6\cui\libpsd-0.9\x64\debug\color_balance.obj
c:\users\nakata\documents\git\psdtoss6\cui\libpsd-0.9\x64\debug\color.obj
c:\users\nakata\documents\git\psdtoss6\cui\libpsd-0.9\x64\debug\channel_mixer.obj
c:\users\nakata\documents\git\psdtoss6\cui\libpsd-0.9\x64\debug\channel_image.obj
c:\users\nakata\documents\git\psdtoss6\cui\libpsd-0.9\x64\debug\brightness_contrast.obj
c:\users\nakata\documents\git\psdtoss6\cui\libpsd-0.9\x64\debug\boundary.obj
c:\users\nakata\documents\git\psdtoss6\cui\libpsd-0.9\x64\debug\blend.obj
c:\users\nakata\documents\git\psdtoss6\cui\libpsd-0.9\x64\debug\bitmap.obj
c:\users\nakata\documents\git\psdtoss6\cui\libpsd-0.9\x64\debug\bevel_emboss.obj
c:\users\nakata\documents\git\psdtoss6\cui\libpsd-0.9\x64\debug\adjustment.obj
c:\users\nakata\documents\git\psdtoss6\cui\libpsd-0.9\x64\debug\psd_system.obj
c:\users\nakata\documents\git\psdtoss6\cui\libpsd-0.9\x64\debug\psd.obj
c:\users\nakata\documents\git\psdtoss6\cui\libpsd-0.9\x64\debug\posterize.obj
c:\users\nakata\documents\git\psdtoss6\cui\libpsd-0.9\x64\debug\photo_filter.obj
c:\users\nakata\documents\git\psdtoss6\cui\libpsd-0.9\x64\debug\pattern_overlay.obj
c:\users\nakata\documents\git\psdtoss6\cui\libpsd-0.9\x64\debug\pattern_fill.obj
c:\users\nakata\documents\git\psdtoss6\cui\libpsd-0.9\x64\debug\pattern.obj
c:\users\nakata\documents\git\psdtoss6\cui\libpsd-0.9\x64\debug\path.obj
c:\users\nakata\documents\git\psdtoss6\cui\libpsd-0.9\x64\debug\outer_glow.obj
c:\users\nakata\documents\git\psdtoss6\cui\libpsd-0.9\x64\debug\levels.obj
c:\users\nakata\documents\git\psdtoss6\cui\libpsd-0.9\x64\debug\layer_mask.obj
c:\users\nakata\documents\git\psdtoss6\cui\libpsd-0.9\x64\debug\invert.obj
c:\users\nakata\documents\git\psdtoss6\cui\libpsd-0.9\x64\debug\inner_shadow.obj
c:\users\nakata\documents\git\psdtoss6\cui\libpsd-0.9\x64\debug\inner_glow.obj
c:\users\nakata\documents\git\psdtoss6\cui\libpsd-0.9\x64\debug\image_resource.obj
c:\users\nakata\documents\git\psdtoss6\cui\libpsd-0.9\x64\debug\image_data.obj
c:\users\nakata\documents\git\psdtoss6\cui\libpsd-0.9\x64\debug\hue_saturation.obj
c:\users\nakata\documents\git\psdtoss6\cui\libpsd-0.9\x64\debug\gradient_overlay.obj
c:\users\nakata\documents\git\psdtoss6\cui\libpsd-0.9\x64\debug\gradient_map.obj
c:\users\nakata\documents\git\psdtoss6\cui\libpsd-0.9\x64\debug\gradient_fill.obj
c:\users\nakata\documents\git\psdtoss6\cui\libpsd-0.9\x64\debug\type_tool.obj
c:\users\nakata\documents\git\psdtoss6\cui\libpsd-0.9\x64\debug\thumbnail.obj
c:\users\nakata\documents\git\psdtoss6\cui\libpsd-0.9\x64\debug\threshold.obj
c:\users\nakata\documents\git\psdtoss6\cui\libpsd-0.9\x64\debug\stroke.obj
c:\users\nakata\documents\git\psdtoss6\cui\libpsd-0.9\x64\debug\stream.obj
c:\users\nakata\documents\git\psdtoss6\cui\libpsd-0.9\x64\debug\solid_color.obj
c:\users\nakata\documents\git\psdtoss6\cui\libpsd-0.9\x64\debug\selective_color.obj
c:\users\nakata\documents\git\psdtoss6\cui\libpsd-0.9\x64\debug\satin.obj
c:\users\nakata\documents\git\psdtoss6\cui\libpsd-0.9\x64\debug\rect.obj
c:\users\nakata\documents\git\psdtoss6\cui\libpsd-0.9\x64\debug\psd_zip.obj
c:\users\nakata\documents\git\psdtoss6\cui\build\x64\debug\libpsd.lib
c:\users\nakata\documents\git\psdtoss6\cui\build\x64\debug\libpsd.pdb
c:\users\nakata\documents\git\psdtoss6\cui\libpsd-0.9\x64\debug\libpsd.tlog\cl.command.1.tlog
c:\users\nakata\documents\git\psdtoss6\cui\libpsd-0.9\x64\debug\libpsd.tlog\cl.read.1.tlog
c:\users\nakata\documents\git\psdtoss6\cui\libpsd-0.9\x64\debug\libpsd.tlog\cl.write.1.tlog
c:\users\nakata\documents\git\psdtoss6\cui\libpsd-0.9\x64\debug\libpsd.tlog\lib-link.read.1.tlog
c:\users\nakata\documents\git\psdtoss6\cui\libpsd-0.9\x64\debug\libpsd.tlog\lib-link.write.1.tlog
c:\users\nakata\documents\git\psdtoss6\cui\libpsd-0.9\x64\debug\libpsd.tlog\lib.command.1.tlog
